Using pre-set license
Built from '2020.3/staging' branch; Version is '2020.3.25f1 (9b9180224418) revision 10195328'; Using compiler version '192528614'; Build Type 'Release'
OS: 'Windows 11  (10.0.22000) 64bit Core' Language: 'es' Physical Memory: 15839 MB
BatchMode: 1, IsHumanControllingUs: 0, StartBugReporterOnCrash: 0, Is64bit: 1, IsPro: 0

COMMAND LINE ARGUMENTS:
C:\Program Files\Unity\Hub\Editor\2020.3.25f1\Editor\Unity.exe
-adb2
-batchMode
-noUpm
-name
AssetImportWorker0
-projectPath
C:/Users/thema/OneDrive/Escritorio/Projectos con unity/Maze-Game-Project-GGJ
-logFile
Logs/AssetImportWorker0.log
-srvPort
62034
Successfully changed project path to: C:/Users/thema/OneDrive/Escritorio/Projectos con unity/Maze-Game-Project-GGJ
C:/Users/thema/OneDrive/Escritorio/Projectos con unity/Maze-Game-Project-GGJ
Using Asset Import Pipeline V2.
Refreshing native plugins compatible for Editor in 205.75 ms, found 2 plugins.
Preloading 0 native plugins for Editor in 0.00 ms.
Initialize engine version: 2020.3.25f1 (9b9180224418)
[Subsystems] Discovering subsystems at path C:/Program Files/Unity/Hub/Editor/2020.3.25f1/Editor/Data/Resources/UnitySubsystems
[Subsystems] Discovering subsystems at path C:/Users/thema/OneDrive/Escritorio/Projectos con unity/Maze-Game-Project-GGJ/Assets
GfxDevice: creating device client; threaded=0
Direct3D:
    Version:  Direct3D 11.0 [level 11.1]
    Renderer: AMD Radeon R7 Graphics (ID=0x9874)
    Vendor:   
    VRAM:     7919 MB
    Driver:   27.20.1034.6
Initialize mono
Mono path[0] = 'C:/Program Files/Unity/Hub/Editor/2020.3.25f1/Editor/Data/Managed'
Mono path[1] = 'C:/Program Files/Unity/Hub/Editor/2020.3.25f1/Editor/Data/MonoBleedingEdge/lib/mono/unityjit'
Mono config path = 'C:/Program Files/Unity/Hub/Editor/2020.3.25f1/Editor/Data/MonoBleedingEdge/etc'
Using monoOptions --debugger-agent=transport=dt_socket,embedding=1,server=y,suspend=n,address=127.0.0.1:56276
Begin MonoManager ReloadAssembly
Registering precompiled unity dll's ...
Register platform support module: C:/Program Files/Unity/Hub/Editor/2020.3.25f1/Editor/Data/PlaybackEngines/WindowsStandaloneSupport/UnityEditor.WindowsStandalone.Extensions.dll
Registered in 0.007449 seconds.
Native extension for WindowsStandalone target not found
Refreshing native plugins compatible for Editor in 121.27 ms, found 2 plugins.
Preloading 0 native plugins for Editor in 0.00 ms.
Mono: successfully reloaded assembly
- Completed reload, in  5.291 seconds
Domain Reload Profiling:
	ReloadAssembly (5292ms)
		BeginReloadAssembly (238ms)
			ExecutionOrderSort (0ms)
			DisableScriptedObjects (0ms)
			BackupInstance (0ms)
			ReleaseScriptingObjects (0ms)
			CreateAndSetChildDomain (3ms)
		EndReloadAssembly (4737ms)
			LoadAssemblies (230ms)
			RebuildTransferFunctionScriptingTraits (0ms)
			SetupTypeCache (692ms)
			ReleaseScriptCaches (0ms)
			RebuildScriptCaches (233ms)
			SetupLoadedEditorAssemblies (816ms)
				LogAssemblyErrors (0ms)
				InitializePlatformSupportModulesInManaged (18ms)
				SetLoadedEditorAssemblies (2ms)
				RefreshPlugins (121ms)
				BeforeProcessingInitializeOnLoad (32ms)
				ProcessInitializeOnLoadAttributes (430ms)
				ProcessInitializeOnLoadMethodAttributes (212ms)
				AfterProcessingInitializeOnLoad (0ms)
				EditorAssembliesLoaded (1ms)
			ExecutionOrderSort2 (0ms)
			AwakeInstancesAfterBackupRestoration (0ms)
Platform modules already initialized, skipping
Registering precompiled user dll's ...
Registered in 0.046873 seconds.
Begin MonoManager ReloadAssembly
Native extension for WindowsStandalone target not found
Refreshing native plugins compatible for Editor in 93.18 ms, found 2 plugins.
Preloading 0 native plugins for Editor in 0.00 ms.
Mono: successfully reloaded assembly
- Completed reload, in  4.667 seconds
Domain Reload Profiling:
	ReloadAssembly (4670ms)
		BeginReloadAssembly (555ms)
			ExecutionOrderSort (0ms)
			DisableScriptedObjects (19ms)
			BackupInstance (0ms)
			ReleaseScriptingObjects (0ms)
			CreateAndSetChildDomain (88ms)
		EndReloadAssembly (3898ms)
			LoadAssemblies (299ms)
			RebuildTransferFunctionScriptingTraits (0ms)
			SetupTypeCache (850ms)
			ReleaseScriptCaches (1ms)
			RebuildScriptCaches (147ms)
			SetupLoadedEditorAssemblies (2266ms)
				LogAssemblyErrors (0ms)
				InitializePlatformSupportModulesInManaged (13ms)
				SetLoadedEditorAssemblies (1ms)
				RefreshPlugins (93ms)
				BeforeProcessingInitializeOnLoad (160ms)
				ProcessInitializeOnLoadAttributes (1935ms)
				ProcessInitializeOnLoadMethodAttributes (42ms)
				AfterProcessingInitializeOnLoad (22ms)
				EditorAssembliesLoaded (1ms)
			ExecutionOrderSort2 (0ms)
			AwakeInstancesAfterBackupRestoration (32ms)
Platform modules already initialized, skipping
========================================================================
Worker process is ready to serve import requests
Launched and connected shader compiler UnityShaderCompiler.exe after 0.22 seconds
Refreshing native plugins compatible for Editor in 1.14 ms, found 2 plugins.
Preloading 0 native plugins for Editor in 0.00 ms.
Unloading 1699 Unused Serialized files (Serialized files now loaded: 0)
System memory in use before: 84.9 MB.
System memory in use after: 84.8 MB.

Unloading 31 unused Assets to reduce memory usage. Loaded Objects now: 2142.
Total: 6.977400 ms (FindLiveObjects: 0.559400 ms CreateObjectMapping: 0.248100 ms MarkObjects: 5.779000 ms  DeleteObjects: 0.387300 ms)

AssetImportParameters requested are different than current active one (requested -> active):
  custom:framework-win-MediaFoundation: 216162199b28c13a410421893ffa2e32 -> 
  custom:video-decoder-ogg-theora: a1e56fd34408186e4bbccfd4996cb3dc -> 
  custom:container-muxer-webm: aa71ff27fc2769a1b78a27578f13a17b -> 
  custom:container-demuxer-webm: 4f35f7cbe854078d1ac9338744f61a02 -> 
  custom:container-demuxer-ogg: 62fdf1f143b41e24485cea50d1cbac27 -> 
  custom:video-encoder-webm-vp8: eb34c28f22e8b96e1ab97ce403110664 -> 
  custom:video-decoder-webm-vp8: 9c59270c3fd7afecdb556c50c9e8de78 -> 
  custom:audio-decoder-ogg-vorbis: bf7c407c2cedff20999df2af8eb42d56 -> 
  custom:audio-encoder-webm-vorbis: bf7c407c2cedff20999df2af8eb42d56 -> 
========================================================================
Received Import Request.
  path: Assets/mazeDesign.jpg
  artifactKey: Guid(3ef387d3bfac56a49b3048246aa6dd33) Importer(815301076,1909f56bfc062723c751e8b465ee728b)
Start importing Assets/mazeDesign.jpg using Guid(3ef387d3bfac56a49b3048246aa6dd33) Importer(815301076,1909f56bfc062723c751e8b465ee728b)  -> (artifact id: '58b813233a7eec1757609a93818a73f0') in 0.240245 seconds 
  Import took 0.247745 seconds .

========================================================================
Received Import Request.
  Time since last request: 0.000560 seconds.
  path: Assets/3dmazemap.jpg
  artifactKey: Guid(87cb001a8e9cdd84fad4fbcb38a1e292) Importer(815301076,1909f56bfc062723c751e8b465ee728b)
Start importing Assets/3dmazemap.jpg using Guid(87cb001a8e9cdd84fad4fbcb38a1e292) Importer(815301076,1909f56bfc062723c751e8b465ee728b)  -> (artifact id: '7010e2fe4a440612a21710f80e2cd894') in 0.104699 seconds 
  Import took 0.125953 seconds .

========================================================================
Received Import Request.
  Time since last request: 371.886031 seconds.
  path: Assets/Free Skyboxes - Space
  artifactKey: Guid(53ddf8c33d6231e4fbfcff7725b5dad3) Importer(815301076,1909f56bfc062723c751e8b465ee728b)
Start importing Assets/Free Skyboxes - Space using Guid(53ddf8c33d6231e4fbfcff7725b5dad3) Importer(815301076,1909f56bfc062723c751e8b465ee728b)  -> (artifact id: 'c076bde2983a6447fe646b699619f468') in 0.032569 seconds 
  Import took 0.040109 seconds .

========================================================================
Received Import Request.
  Time since last request: 6.700437 seconds.
  path: Assets/Scenes
  artifactKey: Guid(8c405caad097ddb46bbf964250a42f45) Importer(815301076,1909f56bfc062723c751e8b465ee728b)
Start importing Assets/Scenes using Guid(8c405caad097ddb46bbf964250a42f45) Importer(815301076,1909f56bfc062723c751e8b465ee728b)  -> (artifact id: 'e3de4b403f281bb3d4a214a675308028') in 0.062372 seconds 
  Import took 0.068870 seconds .

========================================================================
Received Import Request.
  Time since last request: 1.159570 seconds.
  path: Assets/Scenes/SampleScene.unity
  artifactKey: Guid(9fc0d4010bbf28b4594072e72b8655ab) Importer(815301076,1909f56bfc062723c751e8b465ee728b)
Start importing Assets/Scenes/SampleScene.unity using Guid(9fc0d4010bbf28b4594072e72b8655ab) Importer(815301076,1909f56bfc062723c751e8b465ee728b)  -> (artifact id: '2d37418fadba7d694d21a8bda4afe96c') in 0.049451 seconds 
  Import took 0.058952 seconds .

========================================================================
Received Prepare
Registering precompiled user dll's ...
Registered in 0.031924 seconds.
Begin MonoManager ReloadAssembly
Native extension for WindowsStandalone target not found
Refreshing native plugins compatible for Editor in 1.35 ms, found 2 plugins.
Preloading 0 native plugins for Editor in 0.00 ms.
Mono: successfully reloaded assembly
- Completed reload, in 29.929 seconds
Domain Reload Profiling:
	ReloadAssembly (29933ms)
		BeginReloadAssembly (2860ms)
			ExecutionOrderSort (0ms)
			DisableScriptedObjects (70ms)
			BackupInstance (0ms)
			ReleaseScriptingObjects (0ms)
			CreateAndSetChildDomain (1621ms)
		EndReloadAssembly (25452ms)
			LoadAssemblies (1334ms)
			RebuildTransferFunctionScriptingTraits (0ms)
			SetupTypeCache (4822ms)
			ReleaseScriptCaches (3ms)
			RebuildScriptCaches (1395ms)
			SetupLoadedEditorAssemblies (13655ms)
				LogAssemblyErrors (0ms)
				InitializePlatformSupportModulesInManaged (14ms)
				SetLoadedEditorAssemblies (2ms)
				RefreshPlugins (2ms)
				BeforeProcessingInitializeOnLoad (1561ms)
				ProcessInitializeOnLoadAttributes (11810ms)
				ProcessInitializeOnLoadMethodAttributes (237ms)
				AfterProcessingInitializeOnLoad (29ms)
				EditorAssembliesLoaded (1ms)
			ExecutionOrderSort2 (0ms)
			AwakeInstancesAfterBackupRestoration (101ms)
Platform modules already initialized, skipping
Refreshing native plugins compatible for Editor in 1.41 ms, found 2 plugins.
Preloading 0 native plugins for Editor in 0.00 ms.
Unloading 1652 Unused Serialized files (Serialized files now loaded: 0)
System memory in use before: 80.7 MB.
System memory in use after: 80.6 MB.

Unloading 16 unused Assets to reduce memory usage. Loaded Objects now: 2146.
Total: 245.450000 ms (FindLiveObjects: 1.138600 ms CreateObjectMapping: 0.861200 ms MarkObjects: 242.756700 ms  DeleteObjects: 0.686200 ms)

AssetImportParameters requested are different than current active one (requested -> active):
  custom:framework-win-MediaFoundation: 216162199b28c13a410421893ffa2e32 -> 
  custom:video-decoder-ogg-theora: a1e56fd34408186e4bbccfd4996cb3dc -> 
  custom:container-muxer-webm: aa71ff27fc2769a1b78a27578f13a17b -> 
  custom:container-demuxer-webm: 4f35f7cbe854078d1ac9338744f61a02 -> 
  custom:container-demuxer-ogg: 62fdf1f143b41e24485cea50d1cbac27 -> 
  custom:video-encoder-webm-vp8: eb34c28f22e8b96e1ab97ce403110664 -> 
  custom:video-decoder-webm-vp8: 9c59270c3fd7afecdb556c50c9e8de78 -> 
  custom:audio-decoder-ogg-vorbis: bf7c407c2cedff20999df2af8eb42d56 -> 
  custom:audio-encoder-webm-vorbis: bf7c407c2cedff20999df2af8eb42d56 -> 
========================================================================
Received Prepare
Registering precompiled user dll's ...
Registered in 0.018513 seconds.
Begin MonoManager ReloadAssembly
Native extension for WindowsStandalone target not found
Refreshing native plugins compatible for Editor in 1.09 ms, found 2 plugins.
Preloading 0 native plugins for Editor in 0.00 ms.
Mono: successfully reloaded assembly
- Completed reload, in 48.102 seconds
Domain Reload Profiling:
	ReloadAssembly (48105ms)
		BeginReloadAssembly (35538ms)
			ExecutionOrderSort (0ms)
			DisableScriptedObjects (79ms)
			BackupInstance (0ms)
			ReleaseScriptingObjects (0ms)
			CreateAndSetChildDomain (10731ms)
		EndReloadAssembly (8931ms)
			LoadAssemblies (27143ms)
			RebuildTransferFunctionScriptingTraits (0ms)
			SetupTypeCache (2551ms)
			ReleaseScriptCaches (33ms)
			RebuildScriptCaches (286ms)
			SetupLoadedEditorAssemblies (2191ms)
				LogAssemblyErrors (0ms)
				InitializePlatformSupportModulesInManaged (15ms)
				SetLoadedEditorAssemblies (1ms)
				RefreshPlugins (1ms)
				BeforeProcessingInitializeOnLoad (164ms)
				ProcessInitializeOnLoadAttributes (1957ms)
				ProcessInitializeOnLoadMethodAttributes (26ms)
				AfterProcessingInitializeOnLoad (26ms)
				EditorAssembliesLoaded (1ms)
			ExecutionOrderSort2 (0ms)
			AwakeInstancesAfterBackupRestoration (57ms)
Platform modules already initialized, skipping
Refreshing native plugins compatible for Editor in 1.14 ms, found 2 plugins.
Preloading 0 native plugins for Editor in 0.00 ms.
Unloading 1652 Unused Serialized files (Serialized files now loaded: 0)
System memory in use before: 80.7 MB.
System memory in use after: 80.7 MB.

Unloading 16 unused Assets to reduce memory usage. Loaded Objects now: 2148.
Total: 9.877700 ms (FindLiveObjects: 0.545400 ms CreateObjectMapping: 0.148700 ms MarkObjects: 8.595600 ms  DeleteObjects: 0.584000 ms)

AssetImportParameters requested are different than current active one (requested -> active):
  custom:framework-win-MediaFoundation: 216162199b28c13a410421893ffa2e32 -> 
  custom:video-decoder-ogg-theora: a1e56fd34408186e4bbccfd4996cb3dc -> 
  custom:container-muxer-webm: aa71ff27fc2769a1b78a27578f13a17b -> 
  custom:container-demuxer-webm: 4f35f7cbe854078d1ac9338744f61a02 -> 
  custom:container-demuxer-ogg: 62fdf1f143b41e24485cea50d1cbac27 -> 
  custom:video-encoder-webm-vp8: eb34c28f22e8b96e1ab97ce403110664 -> 
  custom:video-decoder-webm-vp8: 9c59270c3fd7afecdb556c50c9e8de78 -> 
  custom:audio-decoder-ogg-vorbis: bf7c407c2cedff20999df2af8eb42d56 -> 
  custom:audio-encoder-webm-vorbis: bf7c407c2cedff20999df2af8eb42d56 -> 
========================================================================
Received Prepare
Registering precompiled user dll's ...
Registered in 0.015860 seconds.
Begin MonoManager ReloadAssembly
Native extension for WindowsStandalone target not found
Refreshing native plugins compatible for Editor in 0.96 ms, found 2 plugins.
Preloading 0 native plugins for Editor in 0.00 ms.
Mono: successfully reloaded assembly
- Completed reload, in  2.891 seconds
Domain Reload Profiling:
	ReloadAssembly (2892ms)
		BeginReloadAssembly (291ms)
			ExecutionOrderSort (0ms)
			DisableScriptedObjects (13ms)
			BackupInstance (0ms)
			ReleaseScriptingObjects (0ms)
			CreateAndSetChildDomain (124ms)
		EndReloadAssembly (2426ms)
			LoadAssemblies (205ms)
			RebuildTransferFunctionScriptingTraits (0ms)
			SetupTypeCache (637ms)
			ReleaseScriptCaches (2ms)
			RebuildScriptCaches (90ms)
			SetupLoadedEditorAssemblies (1281ms)
				LogAssemblyErrors (0ms)
				InitializePlatformSupportModulesInManaged (9ms)
				SetLoadedEditorAssemblies (1ms)
				RefreshPlugins (1ms)
				BeforeProcessingInitializeOnLoad (112ms)
				ProcessInitializeOnLoadAttributes (1123ms)
				ProcessInitializeOnLoadMethodAttributes (19ms)
				AfterProcessingInitializeOnLoad (15ms)
				EditorAssembliesLoaded (1ms)
			ExecutionOrderSort2 (0ms)
			AwakeInstancesAfterBackupRestoration (18ms)
Platform modules already initialized, skipping
Refreshing native plugins compatible for Editor in 0.88 ms, found 2 plugins.
Preloading 0 native plugins for Editor in 0.00 ms.
Unloading 1654 Unused Serialized files (Serialized files now loaded: 0)
System memory in use before: 80.8 MB.
System memory in use after: 80.7 MB.

Unloading 16 unused Assets to reduce memory usage. Loaded Objects now: 2152.
Total: 6.108300 ms (FindLiveObjects: 0.407300 ms CreateObjectMapping: 0.253000 ms MarkObjects: 5.111600 ms  DeleteObjects: 0.332300 ms)

AssetImportParameters requested are different than current active one (requested -> active):
  custom:framework-win-MediaFoundation: 216162199b28c13a410421893ffa2e32 -> 
  custom:video-decoder-ogg-theora: a1e56fd34408186e4bbccfd4996cb3dc -> 
  custom:container-muxer-webm: aa71ff27fc2769a1b78a27578f13a17b -> 
  custom:container-demuxer-webm: 4f35f7cbe854078d1ac9338744f61a02 -> 
  custom:container-demuxer-ogg: 62fdf1f143b41e24485cea50d1cbac27 -> 
  custom:video-encoder-webm-vp8: eb34c28f22e8b96e1ab97ce403110664 -> 
  custom:video-decoder-webm-vp8: 9c59270c3fd7afecdb556c50c9e8de78 -> 
  custom:audio-decoder-ogg-vorbis: bf7c407c2cedff20999df2af8eb42d56 -> 
  custom:audio-encoder-webm-vorbis: bf7c407c2cedff20999df2af8eb42d56 -> 
========================================================================
Received Import Request.
  Time since last request: 1267.129319 seconds.
  path: Assets/Spaceship
  artifactKey: Guid(f47aeec410f54104d968581da03eec0c) Importer(815301076,1909f56bfc062723c751e8b465ee728b)
Start importing Assets/Spaceship using Guid(f47aeec410f54104d968581da03eec0c) Importer(815301076,1909f56bfc062723c751e8b465ee728b)  -> (artifact id: '849b73eea59e26006e1b34a1f3c4a61f') in 0.031762 seconds 
  Import took 0.039348 seconds .

========================================================================
Received Import Request.
  Time since last request: 54.299484 seconds.
  path: Assets/RobotSphere
  artifactKey: Guid(7e2107b5820cf684393c92f49ab39eff) Importer(815301076,1909f56bfc062723c751e8b465ee728b)
Start importing Assets/RobotSphere using Guid(7e2107b5820cf684393c92f49ab39eff) Importer(815301076,1909f56bfc062723c751e8b465ee728b)  -> (artifact id: '67aa641e357e1b5c606f23d0d5b56a72') in 0.063650 seconds 
  Import took 0.082816 seconds .

========================================================================
Received Import Request.
  Time since last request: 0.984645 seconds.
  path: Assets/RobotSphere/Assets
  artifactKey: Guid(30d1cdc1b09d1f34aa54c83d0b69f316) Importer(815301076,1909f56bfc062723c751e8b465ee728b)
Start importing Assets/RobotSphere/Assets using Guid(30d1cdc1b09d1f34aa54c83d0b69f316) Importer(815301076,1909f56bfc062723c751e8b465ee728b)  -> (artifact id: '2f67c4972c5b9b47b6013195f95c2cdb') in 0.077006 seconds 
  Import took 0.100478 seconds .

========================================================================
Received Import Request.
  Time since last request: 4.196849 seconds.
  path: Assets/RobotSphere/Demo
  artifactKey: Guid(bf5fad0ac21652b498d03c04953b40cf) Importer(815301076,1909f56bfc062723c751e8b465ee728b)
Start importing Assets/RobotSphere/Demo using Guid(bf5fad0ac21652b498d03c04953b40cf) Importer(815301076,1909f56bfc062723c751e8b465ee728b)  -> (artifact id: 'd5bfd24234889636f4cd49257686e5da') in 0.080165 seconds 
  Import took 0.087874 seconds .

========================================================================
Received Import Request.
  Time since last request: 0.799324 seconds.
  path: Assets/RobotSphere/Demo/Scenes
  artifactKey: Guid(4108a9ac2336b443b81cecf80fc89f7d) Importer(815301076,1909f56bfc062723c751e8b465ee728b)
Start importing Assets/RobotSphere/Demo/Scenes using Guid(4108a9ac2336b443b81cecf80fc89f7d) Importer(815301076,1909f56bfc062723c751e8b465ee728b)  -> (artifact id: '8ff9afccd363fab2226fab9831560d77') in 0.083511 seconds 
  Import took 0.102228 seconds .

========================================================================
Received Import Request.
  Time since last request: 1.412776 seconds.
  path: Assets/RobotSphere/Demo/Scenes/Robot Animations Demo.unity
  artifactKey: Guid(938ace6a044a848858364788d9cac322) Importer(815301076,1909f56bfc062723c751e8b465ee728b)
Start importing Assets/RobotSphere/Demo/Scenes/Robot Animations Demo.unity using Guid(938ace6a044a848858364788d9cac322) Importer(815301076,1909f56bfc062723c751e8b465ee728b)  -> (artifact id: '774b9c930da5c0794c6992d5832372a0') in 0.124431 seconds 
  Import took 0.137377 seconds .

========================================================================
Received Import Request.
  Time since last request: 147.148449 seconds.
  path: Assets/RobotSphere/Assets/Models/Animation/robotSphere@anim_cloed_Roll_Loop.fbx
  artifactKey: Guid(a39d150aebfb4ce449f4a4f23709b822) Importer(815301076,1909f56bfc062723c751e8b465ee728b)
Start importing Assets/RobotSphere/Assets/Models/Animation/robotSphere@anim_cloed_Roll_Loop.fbx using Guid(a39d150aebfb4ce449f4a4f23709b822) Importer(815301076,1909f56bfc062723c751e8b465ee728b)  -> (artifact id: '3acadd1634f0c202f89d20541f6989d8') in 1.804318 seconds 
  Import took 1.819330 seconds .

========================================================================
Received Import Request.
  Time since last request: 0.000627 seconds.
  path: Assets/Free Skyboxes - Space/SBS Space 5/Medium/Textures/Front_Medium.png
  artifactKey: Guid(1ae62d1682e1adc418f05862e6b3b9a3) Importer(815301076,1909f56bfc062723c751e8b465ee728b)
Start importing Assets/Free Skyboxes - Space/SBS Space 5/Medium/Textures/Front_Medium.png using Guid(1ae62d1682e1adc418f05862e6b3b9a3) Importer(815301076,1909f56bfc062723c751e8b465ee728b)  -> (artifact id: 'ac1cf6e4adb12ae348a3bbfcae83ce27') in 0.560337 seconds 
  Import took 0.575725 seconds .

========================================================================
Received Import Request.
  Time since last request: 0.000887 seconds.
  path: Assets/RobotSphere/Assets/Models/Animation/robotSphere@anim_open_Idle_F1.fbx
  artifactKey: Guid(1b77d6c7e7fbcb84c883cf63da0a79a5) Importer(815301076,1909f56bfc062723c751e8b465ee728b)
Start importing Assets/RobotSphere/Assets/Models/Animation/robotSphere@anim_open_Idle_F1.fbx using Guid(1b77d6c7e7fbcb84c883cf63da0a79a5) Importer(815301076,1909f56bfc062723c751e8b465ee728b)  -> (artifact id: '1a3d41b6478f965d55a721c04d6d063b') in 1.814731 seconds 
  Import took 1.824727 seconds .

========================================================================
Received Import Request.
  Time since last request: 0.000976 seconds.
  path: Assets/Free Skyboxes - Space/SBS Space 5/Small/Textures/Front_Small.png
  artifactKey: Guid(c1123a8ea1e770b4c91aa080a45a7a37) Importer(815301076,1909f56bfc062723c751e8b465ee728b)
Start importing Assets/Free Skyboxes - Space/SBS Space 5/Small/Textures/Front_Small.png using Guid(c1123a8ea1e770b4c91aa080a45a7a37) Importer(815301076,1909f56bfc062723c751e8b465ee728b)  -> (artifact id: '0645a352da12341aee4223e4b66847a5') in 0.203574 seconds 
  Import took 0.214255 seconds .

========================================================================
Received Import Request.
  Time since last request: 0.000754 seconds.
  path: Assets/Free Skyboxes - Space/SBS Space 4/Large/Textures/Front_Large.png
  artifactKey: Guid(4499b865f33358d4884f6427bc39a996) Importer(815301076,1909f56bfc062723c751e8b465ee728b)
Start importing Assets/Free Skyboxes - Space/SBS Space 4/Large/Textures/Front_Large.png using Guid(4499b865f33358d4884f6427bc39a996) Importer(815301076,1909f56bfc062723c751e8b465ee728b)  -> (artifact id: '49ba616933b84c6cfa0da17df6232a58') in 0.279463 seconds 
  Import took 0.288243 seconds .

========================================================================
Received Import Request.
  Time since last request: 0.000422 seconds.
  path: Assets/Free Skyboxes - Space/SBS Space 2/Small/Textures/Front_Skybox_Space 2 Small.png
  artifactKey: Guid(91d28188fefb9af4c8260e3f68055e04) Importer(815301076,1909f56bfc062723c751e8b465ee728b)
Start importing Assets/Free Skyboxes - Space/SBS Space 2/Small/Textures/Front_Skybox_Space 2 Small.png using Guid(91d28188fefb9af4c8260e3f68055e04) Importer(815301076,1909f56bfc062723c751e8b465ee728b)  -> (artifact id: 'b8e05cb32e840e83c6d763d2fe259dd7') in 0.105128 seconds 
  Import took 0.168612 seconds .

========================================================================
Received Import Request.
  Time since last request: 0.000679 seconds.
  path: Assets/Free Skyboxes - Space/SBS Space 2/Large/Textures/Front_Large.png
  artifactKey: Guid(1ac53e5706d72474f8aeddb6a5aa5b24) Importer(815301076,1909f56bfc062723c751e8b465ee728b)
Start importing Assets/Free Skyboxes - Space/SBS Space 2/Large/Textures/Front_Large.png using Guid(1ac53e5706d72474f8aeddb6a5aa5b24) Importer(815301076,1909f56bfc062723c751e8b465ee728b)  -> (artifact id: '6a832a2d9d74511c5e4ee88ec3fe27dd') in 1.012787 seconds 
  Import took 1.055275 seconds .

========================================================================
Received Import Request.
  Time since last request: 0.000664 seconds.
  path: Assets/Free Skyboxes - Space/SBS Space 1/Medium/Textures/Front_Space 1 Medium.png
  artifactKey: Guid(3a5e5648c0d7e8f448d05fc0c57d4900) Importer(815301076,1909f56bfc062723c751e8b465ee728b)
Start importing Assets/Free Skyboxes - Space/SBS Space 1/Medium/Textures/Front_Space 1 Medium.png using Guid(3a5e5648c0d7e8f448d05fc0c57d4900) Importer(815301076,1909f56bfc062723c751e8b465ee728b)  -> (artifact id: '97975e9feba7b66a91e6136aee82f181') in 0.226825 seconds 
  Import took 0.256827 seconds .

========================================================================
Received Import Request.
  Time since last request: 0.000708 seconds.
  path: Assets/RobotSphere/Assets/Models/Animation/robotSphere@anim_open.fbx
  artifactKey: Guid(ecb6e102166bfcf47b9206c2f8297fc1) Importer(815301076,1909f56bfc062723c751e8b465ee728b)
Start importing Assets/RobotSphere/Assets/Models/Animation/robotSphere@anim_open.fbx using Guid(ecb6e102166bfcf47b9206c2f8297fc1) Importer(815301076,1909f56bfc062723c751e8b465ee728b)  -> (artifact id: '0ebf3b86077e9b7db424b15711b5f7d7') in 1.087539 seconds 
  Import took 1.119563 seconds .

========================================================================
Received Import Request.
  Time since last request: 0.000476 seconds.
  path: Assets/Free Skyboxes - Space/SBS Space 5/Large/Textures/Front_Large.png
  artifactKey: Guid(f0feafb2fd7e34d469eeb07d64531034) Importer(815301076,1909f56bfc062723c751e8b465ee728b)
Start importing Assets/Free Skyboxes - Space/SBS Space 5/Large/Textures/Front_Large.png using Guid(f0feafb2fd7e34d469eeb07d64531034) Importer(815301076,1909f56bfc062723c751e8b465ee728b)  -> (artifact id: 'f77f3cda6a046cb99710d15513c84eea') in 0.400398 seconds 
  Import took 0.517260 seconds .

========================================================================
Received Import Request.
  Time since last request: 0.000274 seconds.
  path: Assets/RobotSphere/Assets/Models/Animation/robotSphere@anim_open_GoToRoll.fbx
  artifactKey: Guid(f2fc0388a7c562e4fa0d179ac93423ba) Importer(815301076,1909f56bfc062723c751e8b465ee728b)
Start importing Assets/RobotSphere/Assets/Models/Animation/robotSphere@anim_open_GoToRoll.fbx using Guid(f2fc0388a7c562e4fa0d179ac93423ba) Importer(815301076,1909f56bfc062723c751e8b465ee728b)  -> (artifact id: '97faf86ed9637125dcebda59eef11b21') in 1.283406 seconds 
  Import took 1.314396 seconds .

========================================================================
Received Import Request.
  Time since last request: 0.000721 seconds.
  path: Assets/RobotSphere/Assets/Models/Animation/robotSphere@anim_close.fbx
  artifactKey: Guid(d7222f7175ac71943b44f3d2f8ae3453) Importer(815301076,1909f56bfc062723c751e8b465ee728b)
Start importing Assets/RobotSphere/Assets/Models/Animation/robotSphere@anim_close.fbx using Guid(d7222f7175ac71943b44f3d2f8ae3453) Importer(815301076,1909f56bfc062723c751e8b465ee728b)  -> (artifact id: '22ad23ab499695235aedc38cb69b0bd4') in 0.982537 seconds 
  Import took 1.117234 seconds .

========================================================================
Received Import Request.
  Time since last request: 0.000774 seconds.
  path: Assets/RobotSphere/Assets/Models/Animation/robotSphere@anim_open_Walk_Loop.fbx
  artifactKey: Guid(757bc78a1e5310740a2eee895c77111c) Importer(815301076,1909f56bfc062723c751e8b465ee728b)
Start importing Assets/RobotSphere/Assets/Models/Animation/robotSphere@anim_open_Walk_Loop.fbx using Guid(757bc78a1e5310740a2eee895c77111c) Importer(815301076,1909f56bfc062723c751e8b465ee728b)  -> (artifact id: 'fe0a34b2184efc42be05b4a987a3d408') in 1.045619 seconds 
  Import took 1.054557 seconds .

========================================================================
Received Import Request.
  Time since last request: 0.000495 seconds.
  path: Assets/Free Skyboxes - Space/SBS Space 4/Small/Textures/Front_Small.png
  artifactKey: Guid(07feeddea94b7d7469f99e30eecc8909) Importer(815301076,1909f56bfc062723c751e8b465ee728b)
Start importing Assets/Free Skyboxes - Space/SBS Space 4/Small/Textures/Front_Small.png using Guid(07feeddea94b7d7469f99e30eecc8909) Importer(815301076,1909f56bfc062723c751e8b465ee728b)  -> (artifact id: 'e7737f915a46e080706722c67058d464') in 0.292117 seconds 
  Import took 0.307321 seconds .

========================================================================
Received Import Request.
  Time since last request: 0.000602 seconds.
  path: Assets/Free Skyboxes - Space/SBS Space 2/Medium/Textures/Front_Skybox_Space 2 Medium.png
  artifactKey: Guid(f62bcaf2428353b46acc15cd218fbe11) Importer(815301076,1909f56bfc062723c751e8b465ee728b)
Start importing Assets/Free Skyboxes - Space/SBS Space 2/Medium/Textures/Front_Skybox_Space 2 Medium.png using Guid(f62bcaf2428353b46acc15cd218fbe11) Importer(815301076,1909f56bfc062723c751e8b465ee728b)  -> (artifact id: '5df881893a6ab15c254aa2ba78c4e865') in 0.214428 seconds 
  Import took 0.230272 seconds .

========================================================================
Received Import Request.
  Time since last request: 0.000517 seconds.
  path: Assets/RobotSphere/Assets/Models/Animation/robotSphere@anim_Idle_Loop_S.fbx
  artifactKey: Guid(52ad55bee0260b64da664da407ed38b4) Importer(815301076,1909f56bfc062723c751e8b465ee728b)
Start importing Assets/RobotSphere/Assets/Models/Animation/robotSphere@anim_Idle_Loop_S.fbx using Guid(52ad55bee0260b64da664da407ed38b4) Importer(815301076,1909f56bfc062723c751e8b465ee728b)  -> (artifact id: 'edb85e045d5804e5fcdc1461c3192701') in 0.928346 seconds 
  Import took 0.948608 seconds .

========================================================================
Received Import Request.
  Time since last request: 0.000611 seconds.
  path: Assets/Free Skyboxes - Space/SBS Space 3/Medium/Textures/Front_Medium.png
  artifactKey: Guid(b8a7c068ac2a22044aa58a209ec4e1ee) Importer(815301076,1909f56bfc062723c751e8b465ee728b)
Start importing Assets/Free Skyboxes - Space/SBS Space 3/Medium/Textures/Front_Medium.png using Guid(b8a7c068ac2a22044aa58a209ec4e1ee) Importer(815301076,1909f56bfc062723c751e8b465ee728b)  -> (artifact id: 'fa28bec08cc30916259819b330ccaf43') in 0.219771 seconds 
  Import took 0.233143 seconds .

========================================================================
Received Import Request.
  Time since last request: 0.000944 seconds.
  path: Assets/RobotSphere/Assets/Models/robotSphere.fbx
  artifactKey: Guid(bff429107601444d59c67940e6ad78c4) Importer(815301076,1909f56bfc062723c751e8b465ee728b)
Start importing Assets/RobotSphere/Assets/Models/robotSphere.fbx using Guid(bff429107601444d59c67940e6ad78c4) Importer(815301076,1909f56bfc062723c751e8b465ee728b)  -> (artifact id: 'b47584f69bb35ee4b67a26b0dd147dc9') in 1.344059 seconds 
  Import took 1.355007 seconds .

========================================================================
Received Import Request.
  Time since last request: 0.001073 seconds.
  path: Assets/Whaleride/SpaceRocket (Capsule, Cartoon)/Scenes/Demo/ground.mat
  artifactKey: Guid(4b4134b5427b50248b4499cf228fa7b7) Importer(815301076,1909f56bfc062723c751e8b465ee728b)
Start importing Assets/Whaleride/SpaceRocket (Capsule, Cartoon)/Scenes/Demo/ground.mat using Guid(4b4134b5427b50248b4499cf228fa7b7) Importer(815301076,1909f56bfc062723c751e8b465ee728b)  -> (artifact id: 'c1963789ebb4d7959958f5b9266f9c7e') in 0.849129 seconds 
  Import took 0.856446 seconds .

========================================================================
Received Import Request.
  Time since last request: 0.000523 seconds.
  path: Assets/Samples/Terrain Tools/0.1.0-preview/Terrain Assets/BrushTextures/errosion02.tif
  artifactKey: Guid(8d909223d66b7cd4d9719d37ee403dff) Importer(815301076,1909f56bfc062723c751e8b465ee728b)
Start importing Assets/Samples/Terrain Tools/0.1.0-preview/Terrain Assets/BrushTextures/errosion02.tif using Guid(8d909223d66b7cd4d9719d37ee403dff) Importer(815301076,1909f56bfc062723c751e8b465ee728b)  -> (artifact id: '2572af403316d7f2017410af61aead3e') in 0.201167 seconds 
  Import took 0.208016 seconds .

========================================================================
Received Import Request.
  Time since last request: 0.000808 seconds.
  path: Assets/Samples/Terrain Tools/0.1.0-preview/Terrain Assets/BrushTextures/errosion01.tif
  artifactKey: Guid(228af47692a8c7c49b93049646ac6c46) Importer(815301076,1909f56bfc062723c751e8b465ee728b)
Start importing Assets/Samples/Terrain Tools/0.1.0-preview/Terrain Assets/BrushTextures/errosion01.tif using Guid(228af47692a8c7c49b93049646ac6c46) Importer(815301076,1909f56bfc062723c751e8b465ee728b)  -> (artifact id: '778f32c0d4273f75f093b0a62276654b') in 0.145369 seconds 
  Import took 0.159930 seconds .

========================================================================
Received Import Request.
  Time since last request: 0.000776 seconds.
  path: Assets/Free Skyboxes - Space/SBS Space 3/Small/Textures/Front_Small.png
  artifactKey: Guid(f6d57a9793c80d149bd4b34bb4fd3e23) Importer(815301076,1909f56bfc062723c751e8b465ee728b)
Start importing Assets/Free Skyboxes - Space/SBS Space 3/Small/Textures/Front_Small.png using Guid(f6d57a9793c80d149bd4b34bb4fd3e23) Importer(815301076,1909f56bfc062723c751e8b465ee728b)  -> (artifact id: '5c5ec8a868551535ff6cfba5f5d8436e') in 0.143349 seconds 
  Import took 0.157191 seconds .

========================================================================
Received Import Request.
  Time since last request: 0.000687 seconds.
  path: Assets/Free Skyboxes - Space/SBS Space 3/Large/Textures/Front_Large.png
  artifactKey: Guid(88a6a5f3bd269e0409ec34a1e9177389) Importer(815301076,1909f56bfc062723c751e8b465ee728b)
Start importing Assets/Free Skyboxes - Space/SBS Space 3/Large/Textures/Front_Large.png using Guid(88a6a5f3bd269e0409ec34a1e9177389) Importer(815301076,1909f56bfc062723c751e8b465ee728b)  -> (artifact id: 'c9ce82c61de4d5c6a347b176c12e7580') in 0.302292 seconds 
  Import took 0.318750 seconds .

========================================================================
Received Import Request.
  Time since last request: 0.000604 seconds.
  path: Assets/RobotSphere/Assets/Models/Animation/robotSphere@anim_closed_StopRoll.fbx
  artifactKey: Guid(a04d47ebf8b64cc4a94b13a384a37882) Importer(815301076,1909f56bfc062723c751e8b465ee728b)
Start importing Assets/RobotSphere/Assets/Models/Animation/robotSphere@anim_closed_StopRoll.fbx using Guid(a04d47ebf8b64cc4a94b13a384a37882) Importer(815301076,1909f56bfc062723c751e8b465ee728b)  -> (artifact id: 'cfae2a3a976b7d4dbd75455ce05a4948') in 0.809021 seconds 
  Import took 0.818612 seconds .

========================================================================
Received Import Request.
  Time since last request: 0.000631 seconds.
  path: Assets/RobotSphere/Assets/Prefab/robotSphere.prefab
  artifactKey: Guid(8e0f285c21cdcf14e8d5c06c57ba936b) Importer(815301076,1909f56bfc062723c751e8b465ee728b)
Start importing Assets/RobotSphere/Assets/Prefab/robotSphere.prefab using Guid(8e0f285c21cdcf14e8d5c06c57ba936b) Importer(815301076,1909f56bfc062723c751e8b465ee728b)  -> (artifact id: '53ef068311c51394afb23154b2d40f8b') in 0.197558 seconds 
  Import took 0.205132 seconds .

========================================================================
Received Import Request.
  Time since last request: 0.000479 seconds.
  path: Assets/Free Skyboxes - Space/SBS Space 4/Medium/Textures/Front_Medium.png
  artifactKey: Guid(0a1850368b4616f4485625507597ef19) Importer(815301076,1909f56bfc062723c751e8b465ee728b)
Start importing Assets/Free Skyboxes - Space/SBS Space 4/Medium/Textures/Front_Medium.png using Guid(0a1850368b4616f4485625507597ef19) Importer(815301076,1909f56bfc062723c751e8b465ee728b)  -> (artifact id: 'b67b3264035657d9b496c86d181bae06') in 0.179958 seconds 
  Import took 0.192372 seconds .

========================================================================
Received Import Request.
  Time since last request: 0.000872 seconds.
  path: Assets/Free Skyboxes - Space/SBS Space 1/Small/Textures/Front_Space 1 Small.png
  artifactKey: Guid(f01e42fe8d4cd5241a2f6892ad83a782) Importer(815301076,1909f56bfc062723c751e8b465ee728b)
Start importing Assets/Free Skyboxes - Space/SBS Space 1/Small/Textures/Front_Space 1 Small.png using Guid(f01e42fe8d4cd5241a2f6892ad83a782) Importer(815301076,1909f56bfc062723c751e8b465ee728b)  -> (artifact id: '1404d5cbf444b268a8ba97eaa41a101a') in 0.111076 seconds 
  Import took 0.119011 seconds .

========================================================================
Received Import Request.
  Time since last request: 0.001065 seconds.
  path: Assets/Free Skyboxes - Space/SBS Space 1/Large/Textures/Front_Space 1 Large.png
  artifactKey: Guid(ebb9078962d6e984a8e314966ba47605) Importer(815301076,1909f56bfc062723c751e8b465ee728b)
Start importing Assets/Free Skyboxes - Space/SBS Space 1/Large/Textures/Front_Space 1 Large.png using Guid(ebb9078962d6e984a8e314966ba47605) Importer(815301076,1909f56bfc062723c751e8b465ee728b)  -> (artifact id: '1145d7e6a7dfbfcf180d61de991c7aec') in 0.389148 seconds 
  Import took 0.416700 seconds .

========================================================================
Received Import Request.
  Time since last request: 5.809821 seconds.
  path: Assets/Supercyan Character Pack Free Sample
  artifactKey: Guid(5e643eed79b1fda469b32a69bab1524f) Importer(815301076,1909f56bfc062723c751e8b465ee728b)
Start importing Assets/Supercyan Character Pack Free Sample using Guid(5e643eed79b1fda469b32a69bab1524f) Importer(815301076,1909f56bfc062723c751e8b465ee728b)  -> (artifact id: 'ee4d14481888116c1f55df8d737562d1') in 0.121898 seconds 
  Import took 0.133363 seconds .

========================================================================
Received Import Request.
  Time since last request: 5.219241 seconds.
  path: Assets/Supercyan Character Pack Free Sample/Scenes
  artifactKey: Guid(3412f14f3420c45498caca870b836a8c) Importer(815301076,1909f56bfc062723c751e8b465ee728b)
Start importing Assets/Supercyan Character Pack Free Sample/Scenes using Guid(3412f14f3420c45498caca870b836a8c) Importer(815301076,1909f56bfc062723c751e8b465ee728b)  -> (artifact id: 'a3cb8b689a22c182240098f63bb69eca') in 0.028633 seconds 
  Import took 0.046221 seconds .

========================================================================
Received Import Request.
  Time since last request: 1.315697 seconds.
  path: Assets/Supercyan Character Pack Free Sample/Scenes/DemoScene.unity
  artifactKey: Guid(a33ada31778ec4b4fa84304c895bd20a) Importer(815301076,1909f56bfc062723c751e8b465ee728b)
Start importing Assets/Supercyan Character Pack Free Sample/Scenes/DemoScene.unity using Guid(a33ada31778ec4b4fa84304c895bd20a) Importer(815301076,1909f56bfc062723c751e8b465ee728b)  -> (artifact id: '8553a25323a9634472c65402bc48b5cb') in 0.198615 seconds 
  Import took 0.223926 seconds .

========================================================================
Received Import Request.
  Time since last request: 55.383843 seconds.
  path: Assets/Supercyan Character Pack Free Sample/Scenes/DemoScene
  artifactKey: Guid(44c948aa5a1adee4e83d221fcb6c7b5b) Importer(815301076,1909f56bfc062723c751e8b465ee728b)
Start importing Assets/Supercyan Character Pack Free Sample/Scenes/DemoScene using Guid(44c948aa5a1adee4e83d221fcb6c7b5b) Importer(815301076,1909f56bfc062723c751e8b465ee728b)  -> (artifact id: '69fbe703eabcb7d2f6a820cfda20365b') in 0.074988 seconds 
  Import took 0.085757 seconds .

========================================================================
Received Import Request.
  Time since last request: 0.000785 seconds.
  path: Assets/Supercyan Character Pack Free Sample/Scenes/DemoScene/LightingData.asset
  artifactKey: Guid(493b3256e219d69489443246cfdd72cb) Importer(815301076,1909f56bfc062723c751e8b465ee728b)
Start importing Assets/Supercyan Character Pack Free Sample/Scenes/DemoScene/LightingData.asset using Guid(493b3256e219d69489443246cfdd72cb) Importer(815301076,1909f56bfc062723c751e8b465ee728b)  -> (artifact id: 'e5b78c70238fe0d8dc7d14d9a903bf17') in 0.145055 seconds 
  Import took 0.154426 seconds .

========================================================================
Received Import Request.
  Time since last request: 0.000278 seconds.
  path: Assets/Supercyan Character Pack Free Sample/Scenes/DemoScene/ReflectionProbe-0.exr
  artifactKey: Guid(3908bb1c2ff97c94b87da7a13a4f51d6) Importer(815301076,1909f56bfc062723c751e8b465ee728b)
Start importing Assets/Supercyan Character Pack Free Sample/Scenes/DemoScene/ReflectionProbe-0.exr using Guid(3908bb1c2ff97c94b87da7a13a4f51d6) Importer(815301076,1909f56bfc062723c751e8b465ee728b)  -> (artifact id: '85a5a25a695d3cd83b8ad622c10434b5') in 0.126822 seconds 
  Import took 0.181004 seconds .

========================================================================
Received Import Request.
  Time since last request: 209.678154 seconds.
  path: Assets/RobotSphere/Assets/Scripts
  artifactKey: Guid(7517d14f906cf9c4582fe51206b3952f) Importer(815301076,1909f56bfc062723c751e8b465ee728b)
Start importing Assets/RobotSphere/Assets/Scripts using Guid(7517d14f906cf9c4582fe51206b3952f) Importer(815301076,1909f56bfc062723c751e8b465ee728b)  -> (artifact id: 'd8d48d6611cf7890c5f8223aab6d900a') in 0.062418 seconds 
  Import took 0.074405 seconds .

========================================================================
Received Import Request.
  Time since last request: 1.394508 seconds.
  path: Assets/RobotSphere/Assets/Scripts/RobotFreeAnim.cs
  artifactKey: Guid(cdfe52ad0699f7842b1bd6f40aadd01e) Importer(815301076,1909f56bfc062723c751e8b465ee728b)
Start importing Assets/RobotSphere/Assets/Scripts/RobotFreeAnim.cs using Guid(cdfe52ad0699f7842b1bd6f40aadd01e) Importer(815301076,1909f56bfc062723c751e8b465ee728b)  -> (artifact id: 'd5b2c424e9f6a803af52ee5f40703bf7') in 0.078717 seconds 
  Import took 0.093391 seconds .

========================================================================
Received Import Request.
  Time since last request: 1.061321 seconds.
  path: Assets/RobotSphere/Assets/Scripts/Editor
  artifactKey: Guid(ffcece56b948a1b4a910253cbcb25f8a) Importer(815301076,1909f56bfc062723c751e8b465ee728b)
Start importing Assets/RobotSphere/Assets/Scripts/Editor using Guid(ffcece56b948a1b4a910253cbcb25f8a) Importer(815301076,1909f56bfc062723c751e8b465ee728b)  -> (artifact id: 'c6c0b919e42da76bce7b7e0e5f811e64') in 0.059964 seconds 
  Import took 0.072540 seconds .

========================================================================
Received Prepare
Registering precompiled user dll's ...
Registered in 0.046179 seconds.
Begin MonoManager ReloadAssembly
Native extension for WindowsStandalone target not found
Refreshing native plugins compatible for Editor in 1.01 ms, found 2 plugins.
Preloading 0 native plugins for Editor in 0.00 ms.
Mono: successfully reloaded assembly
- Completed reload, in 11.161 seconds
Domain Reload Profiling:
	ReloadAssembly (11163ms)
		BeginReloadAssembly (1984ms)
			ExecutionOrderSort (0ms)
			DisableScriptedObjects (482ms)
			BackupInstance (0ms)
			ReleaseScriptingObjects (0ms)
			CreateAndSetChildDomain (532ms)
		EndReloadAssembly (8510ms)
			LoadAssemblies (1275ms)
			RebuildTransferFunctionScriptingTraits (0ms)
			SetupTypeCache (5010ms)
			ReleaseScriptCaches (11ms)
			RebuildScriptCaches (297ms)
			SetupLoadedEditorAssemblies (1774ms)
				LogAssemblyErrors (0ms)
				InitializePlatformSupportModulesInManaged (14ms)
				SetLoadedEditorAssemblies (1ms)
				RefreshPlugins (1ms)
				BeforeProcessingInitializeOnLoad (184ms)
				ProcessInitializeOnLoadAttributes (1540ms)
				ProcessInitializeOnLoadMethodAttributes (21ms)
				AfterProcessingInitializeOnLoad (12ms)
				EditorAssembliesLoaded (0ms)
			ExecutionOrderSort2 (0ms)
			AwakeInstancesAfterBackupRestoration (19ms)
Platform modules already initialized, skipping
Refreshing native plugins compatible for Editor in 0.93 ms, found 2 plugins.
Preloading 0 native plugins for Editor in 0.00 ms.
Unloading 1654 Unused Serialized files (Serialized files now loaded: 0)
System memory in use before: 85.4 MB.
System memory in use after: 85.3 MB.

Unloading 18 unused Assets to reduce memory usage. Loaded Objects now: 2200.
Total: 6.804900 ms (FindLiveObjects: 0.371600 ms CreateObjectMapping: 0.099300 ms MarkObjects: 6.010900 ms  DeleteObjects: 0.320500 ms)

AssetImportParameters requested are different than current active one (requested -> active):
  custom:framework-win-MediaFoundation: 216162199b28c13a410421893ffa2e32 -> 
  custom:video-decoder-ogg-theora: a1e56fd34408186e4bbccfd4996cb3dc -> 
  custom:container-muxer-webm: aa71ff27fc2769a1b78a27578f13a17b -> 
  custom:container-demuxer-webm: 4f35f7cbe854078d1ac9338744f61a02 -> 
  custom:container-demuxer-ogg: 62fdf1f143b41e24485cea50d1cbac27 -> 
  custom:video-encoder-webm-vp8: eb34c28f22e8b96e1ab97ce403110664 -> 
  custom:video-decoder-webm-vp8: 9c59270c3fd7afecdb556c50c9e8de78 -> 
  custom:audio-decoder-ogg-vorbis: bf7c407c2cedff20999df2af8eb42d56 -> 
  custom:audio-encoder-webm-vorbis: bf7c407c2cedff20999df2af8eb42d56 -> 
AssetImportWorkerClient::OnTransportError - code=2 error=End of file
